<?xml version="1.0" encoding="UTF-8"?>
<!-- Generated by org.testng.reporters.JUnitReportReporter -->
<testsuite name="utilities.ReadFromandTwoExcel" tests="1" time="0.988" ignored="0" failures="0" timestamp="15 Aug 2018 07:08:54 GMT" skipped="0" hostname="USER" errors="0">
  <testcase name="readwriteExcel" time="0.988" classname="utilities.ReadFromandTwoExcel"/>
</testsuite> <!-- utilities.ReadFromandTwoExcel -->
