<?xml version="1.0" encoding="UTF-8"?>
<!-- Generated by org.testng.reporters.JUnitReportReporter -->
<testsuite name="Retailj.MyRetailj.LoginTest" tests="3" time="2.834" ignored="0" failures="0" timestamp="03 Aug 2018 18:36:19 GMT" skipped="0" hostname="USER" errors="0">
  <testcase name="welComeframeTest" time="0.387" classname="Retailj.MyRetailj.LoginTest"/>
  <testcase name="navigatetoPage" time="2.046" classname="Retailj.MyRetailj.LoginTest"/>
  <testcase name="logIntoRetailJ" time="0.401" classname="Retailj.MyRetailj.LoginTest"/>
</testsuite> <!-- Retailj.MyRetailj.LoginTest -->
