<?xml version="1.0" encoding="UTF-8"?>
<!-- Generated by org.testng.reporters.JUnitReportReporter -->
<testsuite name="utilities.ReadDataFromExcel" tests="1" time="0.833" ignored="0" failures="0" timestamp="04 Aug 2018 17:09:13 GMT" skipped="0" hostname="USER" errors="0">
  <testcase name="readData" time="0.833" classname="utilities.ReadDataFromExcel"/>
</testsuite> <!-- utilities.ReadDataFromExcel -->
