<?xml version="1.0" encoding="UTF-8"?>
<!-- Generated by org.testng.reporters.JUnitReportReporter -->
<testsuite name="utilities.ReadFromWebandWritetoExcel" tests="1" time="29.334" ignored="0" failures="0" timestamp="04 Aug 2018 17:46:36 GMT" skipped="0" hostname="USER" errors="0">
  <testcase name="readWebWriteToExcel" time="29.334" classname="utilities.ReadFromWebandWritetoExcel"/>
</testsuite> <!-- utilities.ReadFromWebandWritetoExcel -->
